<?xml version="1.0" encoding="UTF-8"?>
<!-- Generated by org.testng.reporters.JUnitReportReporter -->
<testsuite hostname="LAPTOP-T8I5JFI7" failures="0" tests="1" name="com.amazon.automation.Amazon_Automation.Demo" time="20.272" errors="0" timestamp="2024-09-23T10:20:14 IST" skipped="0">
  <testcase classname="com.amazon.automation.Amazon_Automation.Demo" name="editProfileInfo1" time="20.272"/>
  <system-out/>
</testsuite> <!-- com.amazon.automation.Amazon_Automation.Demo -->
