<?xml version="1.0" encoding="UTF-8"?>
<!-- Generated by org.testng.reporters.JUnitReportReporter -->
<testsuite hostname="LAPTOP-T8I5JFI7" failures="0" tests="1" name="com.amazon.automation.Amazon_Automation.Amazon_SearchProduct" time="24.767" errors="0" timestamp="2024-10-07T10:16:01 IST" skipped="0">
  <testcase classname="com.amazon.automation.Amazon_Automation.Amazon_SearchProduct" name="search_product" time="24.767"/>
  <system-out>
    <![CDATA[my test case is passed]]>
  </system-out>
</testsuite> <!-- com.amazon.automation.Amazon_Automation.Amazon_SearchProduct -->
