<?xml version="1.0" encoding="UTF-8"?>
<!-- Generated by org.testng.reporters.JUnitReportReporter -->
<testsuite hostname="LAPTOP-T8I5JFI7" failures="0" tests="1" name="com.amazon.automation.Amazon_Automation.Amazon_ValidLogin" time="47.122" errors="0" timestamp="2024-10-07T18:02:18 IST" skipped="0">
  <testcase classname="com.amazon.automation.Amazon_Automation.Amazon_ValidLogin" name="login_amazon" time="47.122"/>
  <system-out>
    <![CDATA[my test case is passed]]>
  </system-out>
</testsuite> <!-- com.amazon.automation.Amazon_Automation.Amazon_ValidLogin -->
