<?xml version="1.0" encoding="UTF-8"?>
<!-- Generated by org.testng.reporters.JUnitReportReporter -->
<testsuite hostname="LAPTOP-T8I5JFI7" failures="0" tests="1" name="com.amazon.automation.Amazon_Automation.Amazon_InvalidLogin" time="16.248" errors="0" timestamp="2024-10-07T10:21:32 IST" skipped="0">
  <testcase classname="com.amazon.automation.Amazon_Automation.Amazon_InvalidLogin" name="Amazon_InvalidLoginEmail" time="16.248"/>
  <system-out>
    <![CDATA[test case is passed because, signin is not happening with invalid password
my test case is passed]]>
  </system-out>
</testsuite> <!-- com.amazon.automation.Amazon_Automation.Amazon_InvalidLogin -->
