<?xml version="1.0" encoding="UTF-8"?>
<!-- Generated by org.testng.reporters.JUnitReportReporter -->
<testsuite hostname="LAPTOP-T8I5JFI7" failures="0" tests="1" name="com.amazon.automation.Amazon_Automation.Amazon_ProductReview" time="22.070" errors="0" timestamp="2024-09-27T16:43:20 IST" skipped="0">
  <testcase classname="com.amazon.automation.Amazon_Automation.Amazon_ProductReview" name="product_review" time="22.070"/>
  <system-out/>
</testsuite> <!-- com.amazon.automation.Amazon_Automation.Amazon_ProductReview -->
